# JRE version: Java(TM) SE Runtime Environment (8.0_191-b12) (build 1.8.0_191-b12)
# Java VM: Java HotSpot(TM) 64-Bit Server VM (25.191-b12 mixed mode windows-amd64 compressed oops)
Heap:
 PSYoungGen      total 76288K, used 36552K [0x000000076b200000, 0x0000000770700000, 0x00000007c0000000)
  eden space 65536K, 55% used [0x000000076b200000,0x000000076d5b2070,0x000000076f200000)
  from space 10752K, 0% used [0x000000076fc80000,0x000000076fc80000,0x0000000770700000)
  to   space 10752K, 0% used [0x000000076f200000,0x000000076f200000,0x000000076fc80000)
 ParOldGen       total 97792K, used 7999K [0x00000006c1600000, 0x00000006c7580000, 0x000000076b200000)
  object space 97792K, 8% used [0x00000006c1600000,0x00000006c1dcfce0,0x00000006c7580000)
 Metaspace       used 22725K, capacity 23504K, committed 23680K, reserved 1071104K
  class space    used 2688K, capacity 2889K, committed 2944K, reserved 1048576K
GC Heap History (6 events):
Event: 8.299 GC heap before
{Heap before GC invocations=1 (full 0):
 PSYoungGen      total 76288K, used 65536K [0x000000076b200000, 0x0000000770700000, 0x00000007c0000000)
  eden space 65536K, 100% used [0x000000076b200000,0x000000076f200000,0x000000076f200000)
  from space 10752K, 0% used [0x000000076fc80000,0x000000076fc80000,0x0000000770700000)
  to   space 10752K, 0% used [0x000000076f200000,0x000000076f200000,0x000000076fc80000)
 ParOldGen       total 175104K, used 0K [0x00000006c1600000, 0x00000006cc100000, 0x000000076b200000)
  object space 175104K, 0% used [0x00000006c1600000,0x00000006c1600000,0x00000006cc100000)
 Metaspace       used 16685K, capacity 16866K, committed 17152K, reserved 1064960K
  class space    used 1853K, capacity 1922K, committed 2048K, reserved 1048576K
Event: 8.312 GC heap after
Heap after GC invocations=1 (full 0):
 PSYoungGen      total 76288K, used 8512K [0x000000076b200000, 0x0000000770700000, 0x00000007c0000000)
  eden space 65536K, 0% used [0x000000076b200000,0x000000076b200000,0x000000076f200000)
  from space 10752K, 79% used [0x000000076f200000,0x000000076fa50240,0x000000076fc80000)
  to   space 10752K, 0% used [0x000000076fc80000,0x000000076fc80000,0x0000000770700000)
 ParOldGen       total 175104K, used 24K [0x00000006c1600000, 0x00000006cc100000, 0x000000076b200000)
  object space 175104K, 0% used [0x00000006c1600000,0x00000006c1606000,0x00000006cc100000)
 Metaspace       used 16685K, capacity 16866K, committed 17152K, reserved 1064960K
  class space    used 1853K, capacity 1922K, committed 2048K, reserved 1048576K
}
Event: 9.552 GC heap before
{Heap before GC invocations=2 (full 0):
 PSYoungGen      total 76288K, used 47166K [0x000000076b200000, 0x0000000770700000, 0x00000007c0000000)
  eden space 65536K, 58% used [0x000000076b200000,0x000000076d7bf7e0,0x000000076f200000)
  from space 10752K, 79% used [0x000000076f200000,0x000000076fa50240,0x000000076fc80000)
  to   space 10752K, 0% used [0x000000076fc80000,0x000000076fc80000,0x0000000770700000)
 ParOldGen       total 175104K, used 24K [0x00000006c1600000, 0x00000006cc100000, 0x000000076b200000)
  object space 175104K, 0% used [0x00000006c1600000,0x00000006c1606000,0x00000006cc100000)
 Metaspace       used 20587K, capacity 21192K, committed 21296K, reserved 1069056K
  class space    used 2445K, capacity 2607K, committed 2688K, reserved 1048576K
Event: 9.574 GC heap after
Heap after GC invocations=2 (full 0):
 PSYoungGen      total 76288K, used 8170K [0x000000076b200000, 0x0000000770700000, 0x00000007c0000000)
  eden space 65536K, 0% used [0x000000076b200000,0x000000076b200000,0x000000076f200000)
  from space 10752K, 75% used [0x000000076fc80000,0x000000077047a8d8,0x0000000770700000)
  to   space 10752K, 0% used [0x000000076f200000,0x000000076f200000,0x000000076fc80000)
 ParOldGen       total 175104K, used 32K [0x00000006c1600000, 0x00000006cc100000, 0x000000076b200000)
  object space 175104K, 0% used [0x00000006c1600000,0x00000006c1608000,0x00000006cc100000)
 Metaspace       used 20587K, capacity 21192K, committed 21296K, reserved 1069056K
  class space    used 2445K, capacity 2607K, committed 2688K, reserved 1048576K
}
Event: 9.575 GC heap before
{Heap before GC invocations=3 (full 1):
 PSYoungGen      total 76288K, used 8170K [0x000000076b200000, 0x0000000770700000, 0x00000007c0000000)
  eden space 65536K, 0% used [0x000000076b200000,0x000000076b200000,0x000000076f200000)
  from space 10752K, 75% used [0x000000076fc80000,0x000000077047a8d8,0x0000000770700000)
  to   space 10752K, 0% used [0x000000076f200000,0x000000076f200000,0x000000076fc80000)
 ParOldGen       total 175104K, used 32K [0x00000006c1600000, 0x00000006cc100000, 0x000000076b200000)
  object space 175104K, 0% used [0x00000006c1600000,0x00000006c1608000,0x00000006cc100000)
 Metaspace       used 20587K, capacity 21192K, committed 21296K, reserved 1069056K
  class space    used 2445K, capacity 2607K, committed 2688K, reserved 1048576K
Event: 9.627 GC heap after
Heap after GC invocations=3 (full 1):
 PSYoungGen      total 76288K, used 0K [0x000000076b200000, 0x0000000770700000, 0x00000007c0000000)
  eden space 65536K, 0% used [0x000000076b200000,0x000000076b200000,0x000000076f200000)
  from space 10752K, 0% used [0x000000076fc80000,0x000000076fc80000,0x0000000770700000)
  to   space 10752K, 0% used [0x000000076f200000,0x000000076f200000,0x000000076fc80000)
 ParOldGen       total 97792K, used 7999K [0x00000006c1600000, 0x00000006c7580000, 0x000000076b200000)
  object space 97792K, 8% used [0x00000006c1600000,0x00000006c1dcfce0,0x00000006c7580000)
 Metaspace       used 20587K, capacity 21192K, committed 21296K, reserved 1069056K
  class space    used 2445K, capacity 2607K, committed 2688K, reserved 1048576K
}

